<?xml version="1.0" encoding="UTF-8"?>
<!-- Generated by org.testng.reporters.JUnitReportReporter -->
<testsuite hostname="DESKTOP-2K2HSO8" name="aui.Draggable" tests="1" failures="0" timestamp="11 Sep 2017 04:47:14 GMT" time="16.695" errors="0">
  <testcase name="sample" time="16.695" classname="aui.Draggable"/>
</testsuite> <!-- aui.Draggable -->
